<?xml version="1.0" encoding="UTF-8"?>
<testsuite name="RectangleTest" tests="10" skipped="0" failures="0" errors="0" timestamp="2021-09-16T15:13:52" hostname="Poulamis-MacBook-Pro.local" time="0.044">
  <properties/>
  <testcase name="shouldReturnCorrectPerimeterForValidInputsForRectangle()" classname="RectangleTest" time="0.026"/>
  <testcase name="shouldThrowIllegalNonPositiveDimensionExceptionForNegativeInputsForRectangle()" classname="RectangleTest" time="0.003"/>
  <testcase name="shouldThrowIllegalNonPositiveDimensionExceptionForBothInputsZeroForRectangle()" classname="RectangleTest" time="0.001"/>
  <testcase name="shouldThrowIllegalNonPositiveDimensionExceptionIfInputIsZeroForSquare()" classname="RectangleTest" time="0.002"/>
  <testcase name="shouldReturnCorrectAreaForValidInputsForRectangle()" classname="RectangleTest" time="0.0"/>
  <testcase name="shouldReturnCorrectPerimeterForValidInputsForSquare()" classname="RectangleTest" time="0.0"/>
  <testcase name="shouldReturnCorrectAreaForValidInputsForSquare()" classname="RectangleTest" time="0.001"/>
  <testcase name="shouldThrowIllegalNonPositiveDimensionExceptionIfLengthIsZeroForRectangle()" classname="RectangleTest" time="0.001"/>
  <testcase name="shouldThrowIllegalNonPositiveDimensionExceptionForNegativeInputsForSquare()" classname="RectangleTest" time="0.001"/>
  <testcase name="shouldThrowIllegalNonPositiveDimensionExceptionIfBreadthIsZeroForRectangle()" classname="RectangleTest" time="0.001"/>
  <system-out><![CDATA[]]></system-out>
  <system-err><![CDATA[]]></system-err>
</testsuite>
