<?xml version="1.0" encoding="UTF-8"?>
<testsuite name="com.tw.dojo.marsRover.MarsRoverTest" tests="4" skipped="0" failures="0" errors="0" timestamp="2021-09-28T06:57:02" hostname="Poulamis-MacBook-Pro.local" time="0.042">
  <properties/>
  <testcase name="shouldTurnRoverRight()" classname="com.tw.dojo.marsRover.MarsRoverTest" time="0.026"/>
  <testcase name="shouldMoveRoverAround()" classname="com.tw.dojo.marsRover.MarsRoverTest" time="0.003"/>
  <testcase name="shouldTurnRoverLeft()" classname="com.tw.dojo.marsRover.MarsRoverTest" time="0.006"/>
  <testcase name="shouldMoveMultipleRoversCorrectly()" classname="com.tw.dojo.marsRover.MarsRoverTest" time="0.002"/>
  <system-out><![CDATA[]]></system-out>
  <system-err><![CDATA[]]></system-err>
</testsuite>
