<?xml version="1.0" encoding="UTF-8"?>
<testsuite name="CellTest" tests="3" skipped="0" failures="0" errors="0" timestamp="2021-10-11T03:33:07" hostname="Poulamis-MacBook-Pro.local" time="0.03">
  <properties/>
  <testcase name="expectsTwoCellsEqualWithSameCoordinates()" classname="CellTest" time="0.023"/>
  <testcase name="expectsAllNeighbours()" classname="CellTest" time="0.004"/>
  <testcase name="expectsTwoCellsNotEqualWithDifferentCoordinates()" classname="CellTest" time="0.001"/>
  <system-out><![CDATA[]]></system-out>
  <system-err><![CDATA[]]></system-err>
</testsuite>
